<?xml version="1.0" encoding="UTF-8"?>
<!-- Generated by org.testng.reporters.JUnitReportReporter -->
<testsuite hostname="Abdurahmans-MacBook-Pro.local" failures="1" tests="14" name="runner.TestRunner" time="145.439" errors="0" timestamp="2021-10-04T21:51:23 GST" skipped="0">
  <testcase classname="runner.TestRunner" name="runScenario" time="6.461"/>
  <system-out/>
  <testcase classname="runner.TestRunner" name="runScenario" time="1.614"/>
  <system-out/>
  <testcase classname="runner.TestRunner" name="runScenario" time="1.429"/>
  <system-out/>
  <testcase classname="runner.TestRunner" name="runScenario" time="1.507"/>
  <system-out/>
  <testcase classname="runner.TestRunner" name="runScenario" time="46.011">
    <failure message="expected:&lt;true&gt; but was:&lt;false&gt;" type="java.lang.AssertionError">
      <![CDATA[java.lang.AssertionError: expected:<true> but was:<false>
at org.junit.Assert.fail(Assert.java:89)
at org.junit.Assert.failNotEquals(Assert.java:835)
at org.junit.Assert.assertEquals(Assert.java:120)
at org.junit.Assert.assertEquals(Assert.java:146)
at steps.WebPortalTest.iShouldSeetheFilterMachingRecords(WebPortalTest.java:60)
at ✽.Check records displayed on page are correct as per the filter applied(file:///Users/sathya/Documents/AbuDhabhi/Mobile-Backend-Web/src/test/java/features/webportal.feature:13)
]]>
    </failure>
  </testcase> <!-- runScenario -->
  <system-out/>
  <testcase classname="runner.TestRunner" name="runScenario" time="1.519"/>
  <system-out/>
  <testcase classname="runner.TestRunner" name="runScenario" time="27.116"/>
  <system-out/>
  <testcase classname="runner.TestRunner" name="runScenario" time="1.395"/>
  <system-out/>
  <testcase classname="runner.TestRunner" name="runScenario" time="40.552"/>
  <system-out/>
  <testcase classname="runner.TestRunner" name="runScenario" time="1.946"/>
  <system-out/>
  <testcase classname="runner.TestRunner" name="runScenario" time="1.419"/>
  <system-out/>
  <testcase classname="runner.TestRunner" name="runScenario" time="6.642"/>
  <system-out/>
  <testcase classname="runner.TestRunner" name="runScenario" time="1.415"/>
  <system-out/>
  <testcase classname="runner.TestRunner" name="runScenario" time="6.413"/>
  <system-out/>
</testsuite> <!-- runner.TestRunner -->
